03:32:01: Creating resource group General
03:32:01: Creating resource group Internal
03:32:01: Creating resource group Autodetect
03:32:01: SceneManagerFactory for type 'DefaultSceneManager' registered.
03:32:01: Registering ResourceManager for type Material
03:32:01: Registering ResourceManager for type Mesh
03:32:01: Registering ResourceManager for type Skeleton
03:32:01: MovableObjectFactory for type 'ParticleSystem' registered.
03:32:01: OverlayElementFactory for type Panel registered.
03:32:01: OverlayElementFactory for type BorderPanel registered.
03:32:01: OverlayElementFactory for type TextArea registered.
03:32:01: Registering ResourceManager for type Font
03:32:01: ArchiveFactory for archive type FileSystem registered.
03:32:01: ArchiveFactory for archive type Zip registered.
03:32:01: DDS codec registering
03:32:01: FreeImage version: 3.13.1
03:32:01: This program uses FreeImage, a free, open source image library supporting all common bitmap formats. See http://freeimage.sourceforge.net for details
03:32:01: Supported formats: bmp,ico,jpg,jif,jpeg,jpe,jng,koa,iff,lbm,mng,pbm,pbm,pcd,pcx,pgm,pgm,png,ppm,ppm,ras,tga,targa,tif,tiff,wap,wbmp,wbm,psd,cut,xbm,xpm,gif,hdr,g3,sgi,exr,j2k,j2c,jp2,pfm,pct,pict,pic,bay,bmq,cr2,crw,cs1,dc2,dcr,dng,erf,fff,hdr,k25,kdc,mdc,mos,mrw,nef,orf,pef,pxn,raf,raw,rdc,sr2,srf,arw,3fr,cine,ia,kc2,mef,nrw,qtk,rw2,sti,drf,dsc,ptx,cap,iiq,rwz
03:32:01: Registering ResourceManager for type HighLevelGpuProgram
03:32:01: Registering ResourceManager for type Compositor
03:32:01: MovableObjectFactory for type 'Entity' registered.
03:32:01: MovableObjectFactory for type 'Light' registered.
03:32:01: MovableObjectFactory for type 'BillboardSet' registered.
03:32:01: MovableObjectFactory for type 'ManualObject' registered.
03:32:01: MovableObjectFactory for type 'BillboardChain' registered.
03:32:01: MovableObjectFactory for type 'RibbonTrail' registered.
03:32:01: Loading library .\RenderSystem_Direct3D9
03:32:01: OGRE EXCEPTION(7:InternalErrorException): Could not load dynamic library .\RenderSystem_Direct3D9.  System Error: The specified module could not be found.
 in DynLib::load at ..\..\..\..\OgreMain\src\OgreDynLib.cpp (line 91)
